{"level":"debug","Logging":"info","time":"2025-09-01T17:39:34-03:00","message":"Config"}
{"level":"debug","UseTLS":true,"time":"2025-09-01T17:39:34-03:00","message":"Config"}
{"level":"debug","CACertFile":"tls-data/ca.pem","time":"2025-09-01T17:39:34-03:00","message":"Config"}
{"level":"debug","KeyFile":"tls-data/auth.key","time":"2025-09-01T17:39:34-03:00","message":"Config"}
{"level":"debug","CertFile":"tls-data/auth.pem","time":"2025-09-01T17:39:34-03:00","message":"Config"}
{"level":"debug","PriorityConnections":2,"time":"2025-09-01T17:39:34-03:00","message":"Config"}
{"level":"debug","BasicConnections":4,"time":"2025-09-01T17:39:34-03:00","message":"Config"}
{"level":"debug","TestConnections":false,"time":"2025-09-01T17:39:34-03:00","message":"Config"}
{"level":"debug","ExcessConnections":1,"time":"2025-09-01T17:39:34-03:00","message":"Config"}
{"level":"debug","ConnectionTestMsgs":4,"time":"2025-09-01T17:39:34-03:00","message":"Config"}
{"level":"debug","ConnectionTestPayload":131072,"time":"2025-09-01T17:39:34-03:00","message":"Config"}
{"level":"debug","OutMessageBufsize":1024,"time":"2025-09-01T17:39:34-03:00","message":"Config"}
{"level":"debug","OutMessageBufsize":1,"time":"2025-09-01T17:39:34-03:00","message":"Config"}
{"level":"debug","ThroughputCap":131072000,"time":"2025-09-01T17:39:34-03:00","message":"Config"}
{"level":"debug","StragglerTolerance":1000,"time":"2025-09-01T17:39:34-03:00","message":"Config"}
{"level":"debug","BatchSizeIncrement":256,"time":"2025-09-01T17:39:34-03:00","message":"Config"}
{"level":"debug","Orderer":"MultiPaxos","time":"2025-09-01T17:39:34-03:00","message":"Config"}
{"level":"debug","Manager":"Mir","time":"2025-09-01T17:39:34-03:00","message":"Config"}
{"level":"debug","Failures":0,"time":"2025-09-01T17:39:34-03:00","message":"Config"}
{"level":"debug","CrashTiming":"EpochStart","time":"2025-09-01T17:39:34-03:00","message":"Config"}
{"level":"debug","CheckpointInterval":256,"time":"2025-09-01T17:39:34-03:00","message":"Config"}
{"level":"debug","WatermarkWindowSize":256,"time":"2025-09-01T17:39:34-03:00","message":"Config"}
{"level":"debug","EpochLength":256,"time":"2025-09-01T17:39:34-03:00","message":"Config"}
{"level":"debug","SegmentLength":64,"time":"2025-09-01T17:39:34-03:00","message":"Config"}
{"level":"debug","WaitForCheckpoints":true,"time":"2025-09-01T17:39:34-03:00","message":"Config"}
{"level":"debug","ClientWatermarkWindowSize":4194304,"time":"2025-09-01T17:39:34-03:00","message":"Config"}
{"level":"debug","ClientRequestBacklogSize":4194304,"time":"2025-09-01T17:39:34-03:00","message":"Config"}
{"level":"debug","RandomSeed":4737,"time":"2025-09-01T17:39:34-03:00","message":"Config"}
{"level":"debug","NodeToLeaderRatio":1,"time":"2025-09-01T17:39:34-03:00","message":"Config"}
{"level":"debug","LeaderPolicy":"Simple","time":"2025-09-01T17:39:34-03:00","message":"Config"}
{"level":"debug","DefaultLeaderBan":2,"time":"2025-09-01T17:39:34-03:00","message":"Config"}
{"level":"debug","NumBuckets":64,"time":"2025-09-01T17:39:34-03:00","message":"Config"}
{"level":"debug","BatchSize":1000,"time":"2025-09-01T17:39:34-03:00","message":"Config"}
{"level":"debug","DisabledViewChange":false,"time":"2025-09-01T17:39:34-03:00","message":"Config"}
{"level":"debug","ViewChangeTimeout":60000,"time":"2025-09-01T17:39:34-03:00","message":"Config"}
{"level":"debug","ClientTraceSampling":10,"time":"2025-09-01T17:39:34-03:00","message":"Config"}
{"level":"debug","EventBufferSize":2097152,"time":"2025-09-01T17:39:34-03:00","message":"Config"}
{"level":"debug","TraceSampling":1,"time":"2025-09-01T17:39:34-03:00","message":"Config"}
{"level":"debug","ClientsPerProcess":1,"time":"2025-09-01T17:39:34-03:00","message":"Config"}
{"level":"debug","RequestsPerClient":7680,"time":"2025-09-01T17:39:34-03:00","message":"Config"}
{"level":"debug","ClientRunTime":30000,"time":"2025-09-01T17:39:34-03:00","message":"Config"}
{"level":"debug","RequestRate":128,"time":"2025-09-01T17:39:34-03:00","message":"Config"}
{"level":"debug","HardRequestRateLimit":false,"time":"2025-09-01T17:39:34-03:00","message":"Config"}
{"level":"debug","RequestPayloadSize":500,"time":"2025-09-01T17:39:34-03:00","message":"Config"}
{"level":"debug","SignRequests":true,"time":"2025-09-01T17:39:34-03:00","message":"Config"}
{"level":"debug","ClientPrivKeyFile":"tls-data/client-ecdsa-256.key","time":"2025-09-01T17:39:34-03:00","message":"Config"}
{"level":"debug","ClientPubKeyFile":"tls-data/client-ecdsa-256.pem","time":"2025-09-01T17:39:34-03:00","message":"Config"}
{"level":"debug","PrecomputeRequests":false,"time":"2025-09-01T17:39:34-03:00","message":"Config"}
{"level":"debug","RequestHandlerThreads":32,"time":"2025-09-01T17:39:34-03:00","message":"Config"}
{"level":"debug","RequestInputChannelBuffer":8192,"time":"2025-09-01T17:39:34-03:00","message":"Config"}
{"level":"debug","BatchVerifier":"external","time":"2025-09-01T17:39:34-03:00","message":"Config"}
17:39:34.741 INF Started Profiler: CPU
17:39:34.741 INF Started Profiler: BLOCK
17:39:34.741 INF Started Profiler: MUTEX
17:39:34.741 INF Starting clients. numClients=1 numRequests=7680
17:39:34.741 INF Initilizing clients.
17:39:34.749 INF Registared with discovery server. numOrderers=4 ownClientId=0
17:39:34.749 INF Clients initialized.
17:39:34.749 INF Launching clients.
17:39:34.749 INF Waiting for clients.
